<?xml version="1.0" encoding="UTF-8"?>
<testsuite name="com.demandcube.neverwinterdp.sparkngin.SparkClientUnitTest" tests="1" skipped="0" failures="0" errors="0" timestamp="2014-05-06T08:34:17" hostname="Tuan" time="6.78">
  <properties/>
  <testcase name="testSend" classname="com.demandcube.neverwinterdp.sparkngin.SparkClientUnitTest" time="6.78"/>
  <system-out><![CDATA[Launched Zookeeper Server 1
Launched kafka server 1
Launched kafka server 2
Consume: event 0
    JSONMessageServlet[06/05/2014@15:34:22] forward by http server, ip = 127.0.0.1, port 8080
Consume: event 1
    JSONMessageServlet[06/05/2014@15:34:22] forward by http server, ip = 127.0.0.1, port 8081
Consume: event 2
    JSONMessageServlet[06/05/2014@15:34:22] forward by http server, ip = 127.0.0.1, port 8080
Consume: event 3
    JSONMessageServlet[06/05/2014@15:34:22] forward by http server, ip = 127.0.0.1, port 8081
Consume: event 4
    JSONMessageServlet[06/05/2014@15:34:22] forward by http server, ip = 127.0.0.1, port 8080
Shutdown Kafka Server 1
Shutdown Kafka Server 2
Shutdown Zookeeper Server 1
]]></system-out>
  <system-err><![CDATA[SLF4J: Class path contains multiple SLF4J bindings.
SLF4J: Found binding in [jar:file:/C:/Users/headvances/.m2/repository/org/slf4j/slf4j-log4j12/1.6.1/slf4j-log4j12-1.6.1.jar!/org/slf4j/impl/StaticLoggerBinder.class]
SLF4J: Found binding in [jar:file:/C:/Users/headvances/.m2/repository/org/slf4j/slf4j-simple/1.6.4/slf4j-simple-1.6.4.jar!/org/slf4j/impl/StaticLoggerBinder.class]
SLF4J: See http://www.slf4j.org/codes.html#multiple_bindings for an explanation.
SLF4J: Actual binding is of type [org.slf4j.impl.Log4jLoggerFactory]
log4j:WARN No appenders could be found for logger (org.apache.zookeeper.server.ZooKeeperServer).
log4j:WARN Please initialize the log4j system properly.
log4j:WARN See http://logging.apache.org/log4j/1.2/faq.html#noconfig for more info.
]]></system-err>
</testsuite>
